tensorflow/1.5_gpu(22):ERROR:150: Module 'tensorflow/1.5_gpu' conflicts with the currently loaded module(s) 'python/2.7.14_gcc5_np1.13'
tensorflow/1.5_gpu(22):ERROR:102: Tcl command execution failed: conflict python

python/intel_2.7.14(22):ERROR:150: Module 'python/intel_2.7.14' conflicts with the currently loaded module(s) 'python/2.7.14_gcc5_np1.13'
python/intel_2.7.14(22):ERROR:102: Tcl command execution failed: conflict python

WARNING:tensorflow:From CNNmine.py:37: softmax_cross_entropy_with_logits (from tensorflow.python.ops.nn_ops) is deprecated and will be removed in a future version.
Instructions for updating:

Future major versions of TensorFlow will allow gradients to flow
into the labels input on backprop by default.

See tf.nn.softmax_cross_entropy_with_logits_v2.

2018-04-13 21:50:42.283413: I tensorflow/core/common_runtime/gpu/gpu_device.cc:1105] Found device 0 with properties: 
name: Tesla P100-PCIE-16GB major: 6 minor: 0 memoryClockRate(GHz): 1.3285
pciBusID: 0000:81:00.0
totalMemory: 15.89GiB freeMemory: 15.60GiB
2018-04-13 21:50:42.607144: I tensorflow/core/common_runtime/gpu/gpu_device.cc:1105] Found device 1 with properties: 
name: Tesla P100-PCIE-16GB major: 6 minor: 0 memoryClockRate(GHz): 1.3285
pciBusID: 0000:87:00.0
totalMemory: 15.89GiB freeMemory: 15.60GiB
2018-04-13 21:50:42.608228: I tensorflow/core/common_runtime/gpu/gpu_device.cc:1120] Device peer to peer matrix
2018-04-13 21:50:42.608264: I tensorflow/core/common_runtime/gpu/gpu_device.cc:1126] DMA: 0 1 
2018-04-13 21:50:42.608275: I tensorflow/core/common_runtime/gpu/gpu_device.cc:1136] 0:   Y Y 
2018-04-13 21:50:42.608280: I tensorflow/core/common_runtime/gpu/gpu_device.cc:1136] 1:   Y Y 
2018-04-13 21:50:42.608311: I tensorflow/core/common_runtime/gpu/gpu_device.cc:1195] Creating TensorFlow device (/device:GPU:0) -> (device: 0, name: Tesla P100-PCIE-16GB, pci bus id: 0000:81:00.0, compute capability: 6.0)
2018-04-13 21:50:42.608319: I tensorflow/core/common_runtime/gpu/gpu_device.cc:1195] Creating TensorFlow device (/device:GPU:1) -> (device: 1, name: Tesla P100-PCIE-16GB, pci bus id: 0000:87:00.0, compute capability: 6.0)
Extracting ./train-images-idx3-ubyte.gz
Extracting ./train-labels-idx1-ubyte.gz
Extracting ./t10k-images-idx3-ubyte.gz
Extracting ./t10k-labels-idx1-ubyte.gz
step 0, training accuracy 0.12
step 100, training accuracy 0.82
step 200, training accuracy 0.94
step 300, training accuracy 1
step 400, training accuracy 0.96
step 500, training accuracy 0.96
step 600, training accuracy 0.98
step 700, training accuracy 0.96
step 800, training accuracy 0.94
step 900, training accuracy 0.98
step 1000, training accuracy 0.92
step 1100, training accuracy 1
step 1200, training accuracy 0.98
step 1300, training accuracy 0.98
step 1400, training accuracy 0.98
step 1500, training accuracy 0.96
step 1600, training accuracy 0.96
step 1700, training accuracy 0.98
step 1800, training accuracy 1
step 1900, training accuracy 0.94
step 2000, training accuracy 1
step 2100, training accuracy 0.98
step 2200, training accuracy 0.98
step 2300, training accuracy 1
step 2400, training accuracy 0.98
step 2500, training accuracy 1
step 2600, training accuracy 0.96
step 2700, training accuracy 0.98
step 2800, training accuracy 1
step 2900, training accuracy 0.98
step 3000, training accuracy 0.98
step 3100, training accuracy 1
step 3200, training accuracy 0.94
step 3300, training accuracy 0.98
step 3400, training accuracy 1
step 3500, training accuracy 0.98
step 3600, training accuracy 1
step 3700, training accuracy 0.98
step 3800, training accuracy 1
step 3900, training accuracy 0.98
step 4000, training accuracy 0.98
step 4100, training accuracy 0.98
step 4200, training accuracy 0.96
step 4300, training accuracy 0.98
step 4400, training accuracy 1
step 4500, training accuracy 0.98
step 4600, training accuracy 1
step 4700, training accuracy 1
step 4800, training accuracy 1
step 4900, training accuracy 1
step 5000, training accuracy 1
step 5100, training accuracy 1
step 5200, training accuracy 1
step 5300, training accuracy 1
step 5400, training accuracy 0.98
step 5500, training accuracy 1
step 5600, training accuracy 1
step 5700, training accuracy 1
step 5800, training accuracy 1
step 5900, training accuracy 0.96
step 6000, training accuracy 0.98
step 6100, training accuracy 1
step 6200, training accuracy 1
step 6300, training accuracy 0.96
step 6400, training accuracy 1
step 6500, training accuracy 0.96
step 6600, training accuracy 1
step 6700, training accuracy 0.96
step 6800, training accuracy 0.98
step 6900, training accuracy 1
step 7000, training accuracy 1
step 7100, training accuracy 0.98
step 7200, training accuracy 1
step 7300, training accuracy 1
step 7400, training accuracy 1
step 7500, training accuracy 1
step 7600, training accuracy 1
step 7700, training accuracy 1
step 7800, training accuracy 0.98
step 7900, training accuracy 0.98
step 8000, training accuracy 1
step 8100, training accuracy 1
step 8200, training accuracy 1
step 8300, training accuracy 1
step 8400, training accuracy 1
step 8500, training accuracy 0.98
step 8600, training accuracy 1
step 8700, training accuracy 1
step 8800, training accuracy 1
step 8900, training accuracy 0.98
step 9000, training accuracy 1
step 9100, training accuracy 1
step 9200, training accuracy 0.98
step 9300, training accuracy 1
step 9400, training accuracy 1
step 9500, training accuracy 1
step 9600, training accuracy 1
step 9700, training accuracy 1
step 9800, training accuracy 0.98
step 9900, training accuracy 1
step 0, training accuracy 1
step 100, training accuracy 1
step 200, training accuracy 1
step 300, training accuracy 1
step 400, training accuracy 1
step 500, training accuracy 1
step 600, training accuracy 1
step 700, training accuracy 1
step 800, training accuracy 1
step 900, training accuracy 1
step 1000, training accuracy 1
step 1100, training accuracy 0.98
step 1200, training accuracy 1
step 1300, training accuracy 1
step 1400, training accuracy 1
step 1500, training accuracy 1
step 1600, training accuracy 1
step 1700, training accuracy 1
step 1800, training accuracy 1
step 1900, training accuracy 1
step 2000, training accuracy 1
step 2100, training accuracy 1
step 2200, training accuracy 1
step 2300, training accuracy 1
step 2400, training accuracy 1
step 2500, training accuracy 0.98
step 2600, training accuracy 1
step 2700, training accuracy 1
step 2800, training accuracy 0.98
step 2900, training accuracy 1
step 3000, training accuracy 1
step 3100, training accuracy 0.96
step 3200, training accuracy 0.98
step 3300, training accuracy 0.98
step 3400, training accuracy 1
step 3500, training accuracy 0.98
step 3600, training accuracy 1
step 3700, training accuracy 1
step 3800, training accuracy 1
step 3900, training accuracy 1
step 4000, training accuracy 1
step 4100, training accuracy 1
step 4200, training accuracy 1
step 4300, training accuracy 1
step 4400, training accuracy 1
step 4500, training accuracy 1
step 4600, training accuracy 1
step 4700, training accuracy 1
step 4800, training accuracy 1
step 4900, training accuracy 1
step 5000, training accuracy 1
step 5100, training accuracy 1
step 5200, training accuracy 1
step 5300, training accuracy 1
step 5400, training accuracy 1
step 5500, training accuracy 1
step 5600, training accuracy 1
step 5700, training accuracy 1
step 5800, training accuracy 1
step 5900, training accuracy 0.98
step 6000, training accuracy 1
step 6100, training accuracy 1
step 6200, training accuracy 1
step 6300, training accuracy 1
step 6400, training accuracy 1
step 6500, training accuracy 1
step 6600, training accuracy 1
step 6700, training accuracy 1
step 6800, training accuracy 1
step 6900, training accuracy 1
step 7000, training accuracy 1
step 7100, training accuracy 1
step 7200, training accuracy 1
step 7300, training accuracy 1
step 7400, training accuracy 1
step 7500, training accuracy 1
step 7600, training accuracy 1
step 7700, training accuracy 1
step 7800, training accuracy 1
step 7900, training accuracy 1
step 8000, training accuracy 1
step 8100, training accuracy 1
step 8200, training accuracy 1
step 8300, training accuracy 1
step 8400, training accuracy 1
step 8500, training accuracy 1
step 8600, training accuracy 1
step 8700, training accuracy 1
step 8800, training accuracy 1
step 8900, training accuracy 1
step 9000, training accuracy 1
step 9100, training accuracy 1
step 9200, training accuracy 1
step 9300, training accuracy 1
step 9400, training accuracy 1
step 9500, training accuracy 1
step 9600, training accuracy 1
step 9700, training accuracy 1
step 9800, training accuracy 1
step 9900, training accuracy 1
test accuracy 0.9924

real	1m35.617s
user	1m38.949s
sys	0m21.357s
